<?xml version="1.0" encoding="UTF-8"?>
<testng-results skipped="0" failed="1" ignored="6" total="14" passed="7">
  <reporter-output>
  </reporter-output>
  <suite name="RegresstionTestCases" duration-ms="146473" started-at="2018-02-20T21:07:52Z" finished-at="2018-02-20T21:10:19Z">
    <groups>
      <group name="Checkout">
        <method signature="SelectGameTest.checkOutBtnClick()[pri:0, instance:testCases.SelectGameTest@18271936]" name="checkOutBtnClick" class="testCases.SelectGameTest"/>
      </group> <!-- Checkout -->
    </groups>
    <test name="RegresstionTestCases" duration-ms="146473" started-at="2018-02-20T21:07:52Z" finished-at="2018-02-20T21:10:19Z">
      <class name="testCases.SelectGameTest">
        <test-method status="PASS" signature="checkGameAddedToCart()[pri:0, instance:testCases.SelectGameTest@18271936]" name="checkGameAddedToCart" duration-ms="840" started-at="2018-02-20T23:08:48Z" finished-at="2018-02-20T23:08:49Z">
          <reporter-output>
          </reporter-output>
        </test-method> <!-- checkGameAddedToCart -->
        <test-method status="PASS" signature="checkGameDetails()[pri:0, instance:testCases.SelectGameTest@18271936]" name="checkGameDetails" duration-ms="14258" started-at="2018-02-20T23:09:49Z" depends-on-methods="testCases.SelectGameTest.checkGameAddedToCart" finished-at="2018-02-20T23:10:03Z">
          <reporter-output>
          </reporter-output>
        </test-method> <!-- checkGameDetails -->
        <test-method status="PASS" signature="addTwoGamesItems()[pri:0, instance:testCases.SelectGameTest@18271936]" name="addTwoGamesItems" duration-ms="250" started-at="2018-02-20T23:10:03Z" depends-on-methods="testCases.SelectGameTest.checkGameDetails" finished-at="2018-02-20T23:10:03Z">
          <reporter-output>
          </reporter-output>
        </test-method> <!-- addTwoGamesItems -->
        <test-method status="PASS" signature="checkThreeGamesAddedToCart()[pri:0, instance:testCases.SelectGameTest@18271936]" name="checkThreeGamesAddedToCart" duration-ms="610" started-at="2018-02-20T23:10:03Z" depends-on-methods="testCases.SelectGameTest.addTwoGamesItems" finished-at="2018-02-20T23:10:04Z">
          <reporter-output>
          </reporter-output>
        </test-method> <!-- checkThreeGamesAddedToCart -->
        <test-method status="PASS" signature="checkOutBtnClick()[pri:0, instance:testCases.SelectGameTest@18271936]" name="checkOutBtnClick" duration-ms="14655" started-at="2018-02-20T23:10:04Z" depends-on-methods="testCases.SelectGameTest.checkThreeGamesAddedToCart" finished-at="2018-02-20T23:10:19Z">
          <reporter-output>
          </reporter-output>
        </test-method> <!-- checkOutBtnClick -->
      </class> <!-- testCases.SelectGameTest -->
      <class name="testCases.HomeTest">
        <test-method status="PASS" signature="setUP()[pri:0, instance:testCases.HomeTest@72035809]" name="setUP" is-config="true" duration-ms="26114" started-at="2018-02-20T23:07:52Z" finished-at="2018-02-20T23:08:18Z">
          <reporter-output>
          </reporter-output>
        </test-method> <!-- setUP -->
        <test-method status="PASS" signature="goToGames()[pri:0, instance:testCases.HomeTest@72035809]" name="goToGames" duration-ms="26279" started-at="2018-02-20T23:08:18Z" finished-at="2018-02-20T23:08:45Z">
          <reporter-output>
          </reporter-output>
        </test-method> <!-- goToGames -->
        <test-method status="PASS" signature="tearDown()[pri:0, instance:testCases.HomeTest@72035809]" name="tearDown" is-config="true" duration-ms="1" started-at="2018-02-20T23:10:19Z" finished-at="2018-02-20T23:10:19Z">
          <reporter-output>
          </reporter-output>
        </test-method> <!-- tearDown -->
      </class> <!-- testCases.HomeTest -->
      <class name="testCases.GamesTest">
        <test-method status="PASS" signature="pricesFilteredBySlider()[pri:0, instance:testCases.GamesTest@909217e]" name="pricesFilteredBySlider" duration-ms="3345" started-at="2018-02-20T23:08:45Z" finished-at="2018-02-20T23:08:48Z">
          <reporter-output>
          </reporter-output>
        </test-method> <!-- pricesFilteredBySlider -->
      </class> <!-- testCases.GamesTest -->
      <class name="testCases.CheckOutTest">
        <test-method status="FAIL" signature="checkOutAsGuestClick()[pri:0, instance:testCases.CheckOutTest@606e4010]" name="checkOutAsGuestClick" duration-ms="60057" depends-on-groups="Checkout" started-at="2018-02-20T23:08:49Z" finished-at="2018-02-20T23:09:49Z">
          <exception class="org.openqa.selenium.NoSuchElementException">
            <message>
              <![CDATA[no such element: Unable to locate element: {"method":"css selector","selector":"div[class='sign-in-column-right centered']"}
  (Session info: chrome=63.0.3239.132)
  (Driver info: chromedriver=2.34.522940 (1a76f96f66e3ca7b8e57d503b4dd3bccfba87af1),platform=Windows NT 6.1.7601 SP1 x86_64) (WARNING: The server did not provide any stacktrace information)
Command duration or timeout: 0 milliseconds
For documentation on this error, please visit: http://seleniumhq.org/exceptions/no_such_element.html
Build info: version: '3.8.1', revision: '6e95a6684b', time: '2017-12-01T18:33:54.468Z'
System info: host: 'MAIEFARGHALY-PC', ip: '192.168.1.5', os.name: 'Windows 7', os.arch: 'amd64', os.version: '6.1', java.version: '1.8.0_144'
Driver info: org.openqa.selenium.chrome.ChromeDriver
Capabilities {acceptSslCerts: true, applicationCacheEnabled: false, browserConnectionEnabled: false, browserName: chrome, chrome: {chromedriverVersion: 2.34.522940 (1a76f96f66e3ca..., userDataDir: C:\Users\MAIEFA~1\AppData\L...}, cssSelectorsEnabled: true, databaseEnabled: false, handlesAlerts: true, hasTouchScreen: false, javascriptEnabled: true, locationContextEnabled: true, mobileEmulationEnabled: false, nativeEvents: true, networkConnectionEnabled: false, pageLoadStrategy: normal, platform: XP, platformName: XP, rotatable: false, setWindowRect: true, takesHeapSnapshot: true, takesScreenshot: true, unexpectedAlertBehaviour: , unhandledPromptBehavior: , version: 63.0.3239.132, webStorageEnabled: true}
Session ID: 3283414878f61890ceaadf9ea0d554c1
*** Element info: {Using=css selector, value=div[class='sign-in-column-right centered']}]]>
            </message>
            <full-stacktrace>
              <![CDATA[org.openqa.selenium.NoSuchElementException: no such element: Unable to locate element: {"method":"css selector","selector":"div[class='sign-in-column-right centered']"}
  (Session info: chrome=63.0.3239.132)
  (Driver info: chromedriver=2.34.522940 (1a76f96f66e3ca7b8e57d503b4dd3bccfba87af1),platform=Windows NT 6.1.7601 SP1 x86_64) (WARNING: The server did not provide any stacktrace information)
Command duration or timeout: 0 milliseconds
For documentation on this error, please visit: http://seleniumhq.org/exceptions/no_such_element.html
Build info: version: '3.8.1', revision: '6e95a6684b', time: '2017-12-01T18:33:54.468Z'
System info: host: 'MAIEFARGHALY-PC', ip: '192.168.1.5', os.name: 'Windows 7', os.arch: 'amd64', os.version: '6.1', java.version: '1.8.0_144'
Driver info: org.openqa.selenium.chrome.ChromeDriver
Capabilities {acceptSslCerts: true, applicationCacheEnabled: false, browserConnectionEnabled: false, browserName: chrome, chrome: {chromedriverVersion: 2.34.522940 (1a76f96f66e3ca..., userDataDir: C:\Users\MAIEFA~1\AppData\L...}, cssSelectorsEnabled: true, databaseEnabled: false, handlesAlerts: true, hasTouchScreen: false, javascriptEnabled: true, locationContextEnabled: true, mobileEmulationEnabled: false, nativeEvents: true, networkConnectionEnabled: false, pageLoadStrategy: normal, platform: XP, platformName: XP, rotatable: false, setWindowRect: true, takesHeapSnapshot: true, takesScreenshot: true, unexpectedAlertBehaviour: , unhandledPromptBehavior: , version: 63.0.3239.132, webStorageEnabled: true}
Session ID: 3283414878f61890ceaadf9ea0d554c1
*** Element info: {Using=css selector, value=div[class='sign-in-column-right centered']}
	at sun.reflect.NativeConstructorAccessorImpl.newInstance0(Native Method)
	at sun.reflect.NativeConstructorAccessorImpl.newInstance(Unknown Source)
	at sun.reflect.DelegatingConstructorAccessorImpl.newInstance(Unknown Source)
	at java.lang.reflect.Constructor.newInstance(Unknown Source)
	at org.openqa.selenium.remote.ErrorHandler.createThrowable(ErrorHandler.java:214)
	at org.openqa.selenium.remote.ErrorHandler.throwIfResponseFailed(ErrorHandler.java:166)
	at org.openqa.selenium.remote.http.JsonHttpResponseCodec.reconstructValue(JsonHttpResponseCodec.java:40)
	at org.openqa.selenium.remote.http.AbstractHttpResponseCodec.decode(AbstractHttpResponseCodec.java:80)
	at org.openqa.selenium.remote.http.AbstractHttpResponseCodec.decode(AbstractHttpResponseCodec.java:44)
	at org.openqa.selenium.remote.HttpCommandExecutor.execute(HttpCommandExecutor.java:164)
	at org.openqa.selenium.remote.service.DriverCommandExecutor.execute(DriverCommandExecutor.java:83)
	at org.openqa.selenium.remote.RemoteWebDriver.execute(RemoteWebDriver.java:601)
	at org.openqa.selenium.remote.RemoteWebDriver.findElement(RemoteWebDriver.java:371)
	at org.openqa.selenium.remote.RemoteWebDriver.findElementByCssSelector(RemoteWebDriver.java:465)
	at org.openqa.selenium.By$ByCssSelector.findElement(By.java:430)
	at org.openqa.selenium.remote.RemoteWebDriver.findElement(RemoteWebDriver.java:363)
	at pageObjects.CheckOutPage.checkOutAsGuest(CheckOutPage.java:26)
	at testCases.CheckOutTest.checkOutAsGuestClick(CheckOutTest.java:16)
	at sun.reflect.NativeMethodAccessorImpl.invoke0(Native Method)
	at sun.reflect.NativeMethodAccessorImpl.invoke(Unknown Source)
	at sun.reflect.DelegatingMethodAccessorImpl.invoke(Unknown Source)
	at java.lang.reflect.Method.invoke(Unknown Source)
	at org.testng.internal.MethodInvocationHelper.invokeMethod(MethodInvocationHelper.java:108)
	at org.testng.internal.Invoker.invokeMethod(Invoker.java:661)
	at org.testng.internal.Invoker.invokeTestMethod(Invoker.java:869)
	at org.testng.internal.Invoker.invokeTestMethods(Invoker.java:1193)
	at org.testng.internal.TestMethodWorker.invokeTestMethods(TestMethodWorker.java:126)
	at org.testng.internal.TestMethodWorker.run(TestMethodWorker.java:109)
	at java.util.concurrent.ThreadPoolExecutor.runWorker(Unknown Source)
	at java.util.concurrent.ThreadPoolExecutor$Worker.run(Unknown Source)
	at java.lang.Thread.run(Unknown Source)
]]>
            </full-stacktrace>
          </exception> <!-- org.openqa.selenium.NoSuchElementException -->
          <reporter-output>
          </reporter-output>
        </test-method> <!-- checkOutAsGuestClick -->
      </class> <!-- testCases.CheckOutTest -->
    </test> <!-- RegresstionTestCases -->
  </suite> <!-- RegresstionTestCases -->
</testng-results>
